2024-11-26T22:23:21.708Z 0: 

----------------------------------------------
2024-11-26T22:23:21.714Z 1: Discord starting: {"releaseChannel":"stable","version":"0.0.76"}, modulepath: /home/bandit/.config/discord/0.0.76/modules
2024-11-26T22:23:21.716Z 2: ✅ webContents.created web1 ""
2024-11-26T22:23:21.719Z 3: ✅ window.created win1 "discord"
2024-11-26T22:23:22.073Z 4: ✅ webContents.did-finish-load web1
2024-11-26T22:23:27.458Z 5: ✅ webContents.created web2 ""
2024-11-26T22:23:27.460Z 6: ✅ window.created win2 "Discord"
2024-11-26T22:23:28.775Z 7: ❌ webContents.did-fail-load web2" -3 
2024-11-26T22:23:29.289Z 8: ✅ webContents.did-finish-load web2
2024-11-26T22:23:29.445Z 9: window.close win1
2024-11-26T22:23:29.547Z 10: webContents.destroyed web1
2024-11-26T22:23:29.548Z 11: window.closed win1
2024-11-26T22:37:58.562Z 12: window.close win2
2024-11-26T22:38:09.058Z 13: window.close win2
2024-11-26T22:38:30.694Z 14: window.close win2
2024-11-26T22:53:29.743Z 15: before-quit
2024-11-26T22:54:09.065Z 0: 

----------------------------------------------
2024-11-26T22:54:09.072Z 1: Discord starting: {"releaseChannel":"stable","version":"0.0.76"}, modulepath: /home/bandit/.config/discord/0.0.76/modules
2024-11-26T22:54:09.075Z 2: ✅ webContents.created web1 ""
2024-11-26T22:54:09.075Z 3: ✅ window.created win1 "discord"
2024-11-26T22:54:09.497Z 4: ✅ webContents.did-finish-load web1
2024-11-26T22:54:09.759Z 5: ✅ webContents.created web2 ""
2024-11-26T22:54:09.761Z 6: ✅ window.created win2 "Discord"
2024-11-26T22:54:11.294Z 7: ✅ webContents.did-finish-load web2
2024-11-26T22:54:11.394Z 8: window.close win1
2024-11-26T22:54:11.401Z 9: webContents.destroyed web1
2024-11-26T22:54:11.401Z 10: window.closed win1
2024-11-26T22:56:46.443Z 11: window.close win2
2024-11-26T22:59:28.495Z 12: window.close win2
2024-11-26T22:59:34.206Z 13: window.close win2
2024-11-26T23:00:07.012Z 14: window.close win2
2024-11-26T23:07:21.114Z 15: before-quit
2024-11-26T23:07:21.115Z 16: window.close win2
2024-11-26T23:07:21.118Z 17: ❌ child-process-gone {
  type: 'Utility',
  reason: 'killed',
  exitCode: 15,
  serviceName: 'audio.mojom.AudioService',
  name: 'Audio Service'
}
2024-11-26T23:07:21.126Z 18: ❌ child-process-gone {
  type: 'Utility',
  reason: 'killed',
  exitCode: 15,
  serviceName: 'network.mojom.NetworkService',
  name: 'Network Service'
}
2024-11-26T23:07:36.771Z 0: 

----------------------------------------------
2024-11-26T23:07:36.779Z 1: Discord starting: {"releaseChannel":"stable","version":"0.0.76"}, modulepath: /home/bandit/.config/discord/0.0.76/modules
2024-11-26T23:07:36.781Z 2: ✅ webContents.created web1 ""
2024-11-26T23:07:36.782Z 3: ✅ window.created win1 "discord"
2024-11-26T23:07:37.137Z 4: ✅ webContents.did-finish-load web1
2024-11-26T23:07:37.408Z 5: ✅ webContents.created web2 ""
2024-11-26T23:07:37.410Z 6: ✅ window.created win2 "Discord"
2024-11-26T23:07:38.955Z 7: ✅ webContents.did-finish-load web2
2024-11-26T23:07:39.055Z 8: window.close win1
2024-11-26T23:07:39.065Z 9: webContents.destroyed web1
2024-11-26T23:07:39.065Z 10: window.closed win1
2024-11-26T23:08:50.995Z 11: window.close win2
2024-11-26T23:08:56.376Z 12: before-quit
2024-11-26T23:08:56.377Z 13: window.close win2
2024-11-26T23:08:56.379Z 14: ❌ child-process-gone {
  type: 'Utility',
  reason: 'killed',
  exitCode: 15,
  serviceName: 'audio.mojom.AudioService',
  name: 'Audio Service'
}
2024-11-26T23:08:56.385Z 15: ❌ child-process-gone {
  type: 'Utility',
  reason: 'killed',
  exitCode: 15,
  serviceName: 'network.mojom.NetworkService',
  name: 'Network Service'
}
2024-11-26T23:09:19.308Z 0: 

----------------------------------------------
2024-11-26T23:09:19.316Z 1: Discord starting: {"releaseChannel":"stable","version":"0.0.76"}, modulepath: /home/bandit/.config/discord/0.0.76/modules
2024-11-26T23:09:19.318Z 2: ✅ webContents.created web1 ""
2024-11-26T23:09:19.319Z 3: ✅ window.created win1 "discord"
2024-11-26T23:09:19.654Z 4: ✅ webContents.did-finish-load web1
2024-11-26T23:09:19.874Z 5: ✅ webContents.created web2 ""
2024-11-26T23:09:19.876Z 6: ✅ window.created win2 "Discord"
2024-11-26T23:09:22.430Z 7: ✅ webContents.did-finish-load web2
2024-11-26T23:09:22.531Z 8: window.close win1
2024-11-26T23:09:22.573Z 9: webContents.destroyed web1
2024-11-26T23:09:22.574Z 10: window.closed win1
2024-11-26T23:11:34.023Z 11: ✅ webContents.did-finish-load web2
2024-11-26T23:13:23.223Z 12: before-quit
2024-11-26T23:14:15.848Z 0: 

----------------------------------------------
2024-11-26T23:14:15.855Z 1: Discord starting: {"releaseChannel":"stable","version":"0.0.76"}, modulepath: /home/bandit/.config/discord/0.0.76/modules
2024-11-26T23:14:15.857Z 2: ✅ webContents.created web1 ""
2024-11-26T23:14:15.857Z 3: ✅ window.created win1 "discord"
2024-11-26T23:14:16.244Z 4: ✅ webContents.did-finish-load web1
2024-11-26T23:14:16.478Z 5: ✅ webContents.created web2 ""
2024-11-26T23:14:16.480Z 6: ✅ window.created win2 "Discord"
2024-11-26T23:14:19.008Z 7: ✅ webContents.did-finish-load web2
2024-11-26T23:14:19.109Z 8: window.close win1
2024-11-26T23:14:19.154Z 9: webContents.destroyed web1
2024-11-26T23:14:19.155Z 10: window.closed win1
2024-11-26T23:41:23.053Z 0: 

----------------------------------------------
2024-11-26T23:41:23.059Z 1: Discord starting: {"releaseChannel":"stable","version":"0.0.76"}, modulepath: /home/bandit/.config/discord/0.0.76/modules
2024-11-26T23:41:23.061Z 2: ✅ webContents.created web1 ""
2024-11-26T23:41:23.062Z 3: ✅ window.created win1 "discord"
2024-11-26T23:41:23.464Z 4: ✅ webContents.did-finish-load web1
2024-11-26T23:41:23.759Z 5: ✅ webContents.created web2 ""
2024-11-26T23:41:23.761Z 6: ✅ window.created win2 "Discord"
2024-11-26T23:41:26.383Z 7: ✅ webContents.did-finish-load web2
2024-11-26T23:41:26.484Z 8: window.close win1
2024-11-26T23:41:26.630Z 9: webContents.destroyed web1
2024-11-26T23:41:26.631Z 10: window.closed win1
2024-11-27T00:29:37.299Z 11: before-quit
2024-11-28T22:20:49.108Z 0: 

----------------------------------------------
2024-11-28T22:20:49.133Z 1: Discord starting: {"releaseChannel":"stable","version":"0.0.76"}, modulepath: /home/bandit/.config/discord/0.0.76/modules
2024-11-28T22:20:49.137Z 2: ✅ webContents.created web1 ""
2024-11-28T22:20:49.138Z 3: ✅ window.created win1 "discord"
2024-11-28T22:20:49.934Z 4: ✅ webContents.did-finish-load web1
2024-11-28T22:20:50.194Z 5: ✅ webContents.created web2 ""
2024-11-28T22:20:50.198Z 6: ✅ window.created win2 "Discord"
2024-11-28T22:20:55.755Z 7: ✅ webContents.did-finish-load web2
2024-11-28T22:20:55.855Z 8: window.close win1
2024-11-28T22:20:55.980Z 9: webContents.destroyed web1
2024-11-28T22:20:56.006Z 10: window.closed win1
2024-11-29T01:00:53.866Z 11: before-quit
2024-12-01T00:13:07.102Z 0: 

----------------------------------------------
2024-12-01T00:13:07.111Z 1: Discord starting: {"releaseChannel":"stable","version":"0.0.76"}, modulepath: /home/bandit/.config/discord/0.0.76/modules
2024-12-01T00:13:07.113Z 2: ✅ webContents.created web1 ""
2024-12-01T00:13:07.113Z 3: ✅ window.created win1 "discord"
2024-12-01T00:13:07.614Z 4: ✅ webContents.did-finish-load web1
2024-12-01T00:13:07.891Z 5: ✅ webContents.created web2 ""
2024-12-01T00:13:07.892Z 6: ✅ window.created win2 "Discord"
2024-12-01T00:13:10.900Z 7: ✅ webContents.did-finish-load web2
2024-12-01T00:13:11.001Z 8: window.close win1
2024-12-01T00:13:11.017Z 9: webContents.destroyed web1
2024-12-01T00:13:11.020Z 10: window.closed win1
2024-12-01T00:13:37.926Z 11: window.closed win2
2024-12-01T00:13:37.930Z 12: quit 0
2024-12-01T00:46:58.156Z 0: 

----------------------------------------------
2024-12-01T00:46:58.164Z 1: Discord starting: {"releaseChannel":"stable","version":"0.0.76"}, modulepath: /home/bandit/.config/discord/0.0.76/modules
2024-12-01T00:46:58.167Z 2: ✅ webContents.created web1 ""
2024-12-01T00:46:58.168Z 3: ✅ window.created win1 "discord"
2024-12-01T00:46:58.538Z 4: ✅ webContents.did-finish-load web1
2024-12-01T00:46:58.804Z 5: ✅ webContents.created web2 ""
2024-12-01T00:46:58.805Z 6: ✅ window.created win2 "Discord"
2024-12-01T00:47:01.286Z 7: ✅ webContents.did-finish-load web2
2024-12-01T00:47:01.386Z 8: window.close win1
2024-12-01T00:47:01.433Z 9: webContents.destroyed web1
2024-12-01T00:47:01.433Z 10: window.closed win1
2024-12-01T01:22:49.606Z 11: ❌ child-process-gone {
  type: 'GPU',
  reason: 'abnormal-exit',
  exitCode: 8704,
  serviceName: 'GPU'
}
2024-12-01T04:01:56.289Z 12: before-quit
2024-12-01T04:01:56.297Z 13: window.close win2
2024-12-01T16:48:43.863Z 0: 

----------------------------------------------
2024-12-01T16:48:43.871Z 1: Discord starting: {"releaseChannel":"stable","version":"0.0.76"}, modulepath: /home/bandit/.config/discord/0.0.76/modules
2024-12-01T16:48:43.873Z 2: ✅ webContents.created web1 ""
2024-12-01T16:48:43.873Z 3: ✅ window.created win1 "discord"
2024-12-01T16:48:44.306Z 4: ✅ webContents.did-finish-load web1
2024-12-01T16:48:44.635Z 5: ✅ webContents.created web2 ""
2024-12-01T16:48:44.643Z 6: ✅ window.created win2 "Discord"
2024-12-01T16:48:47.237Z 7: ✅ webContents.did-finish-load web2
2024-12-01T16:48:47.337Z 8: window.close win1
2024-12-01T16:48:47.384Z 9: webContents.destroyed web1
2024-12-01T16:48:47.385Z 10: window.closed win1
